Build started 6/14/2014 6:38:08 PM.
     1>Project "D:\PittCourseSemester2\SummerKarimi\sigspatial\2014Complete\2014Complete\2014Complete.vcxproj" on node 2 (Build target(s)).
     1>C:\Program Files (x86)\MSBuild\Microsoft.Cpp\v4.0\V120\Microsoft.CppBuild.targets(381,5): warning MSB8028: The intermediate directory (Debug\) contains files shared from another project (2014Complete.vcxproj).  This can lead to incorrect clean and rebuild behavior.
     1>ClCompile:
         C:\Program Files (x86)\Microsoft Visual Studio 12.0\VC\bin\CL.exe /c /ZI /nologo /W3 /WX- /sdl /Od /Oy- /D WIN32 /D _DEBUG /D _CONSOLE /D _LIB /D _MBCS /Gm /EHsc /RTC1 /MDd /GS /fp:precise /Zc:wchar_t /Zc:forScope /Yc"stdafx.h" /Fp"Debug\Simplify.pch" /Fo"Debug\\" /Fd"Debug\vc120.pdb" /Gd /TP /analyze- /errorReport:prompt stdafx.cpp
         stdafx.cpp
         C:\Program Files (x86)\Microsoft Visual Studio 12.0\VC\bin\CL.exe /c /ZI /nologo /W3 /WX- /sdl /Od /Oy- /D WIN32 /D _DEBUG /D _CONSOLE /D _LIB /D _MBCS /Gm /EHsc /RTC1 /MDd /GS /fp:precise /Zc:wchar_t /Zc:forScope /Yu"stdafx.h" /Fp"Debug\Simplify.pch" /Fo"Debug\\" /Fd"Debug\vc120.pdb" /Gd /TP /analyze- /errorReport:prompt FileIO.cpp GridSimplifier.cpp GridTree.cpp NaiveSimplifier.cpp QuadTree.cpp Simplify.cpp VWSimlifier.cpp
         VWSimlifier.cpp
     1>d:\pittcoursesemester2\summerkarimi\sigspatial\2014complete\2014complete\geoutility.h(75): warning C4018: '<' : signed/unsigned mismatch
     1>d:\pittcoursesemester2\summerkarimi\sigspatial\2014complete\2014complete\geoutility.h(76): warning C4018: '<' : signed/unsigned mismatch
     1>d:\pittcoursesemester2\summerkarimi\sigspatial\2014complete\2014complete\geoutility.h(77): warning C4018: '<' : signed/unsigned mismatch
     1>d:\pittcoursesemester2\summerkarimi\sigspatial\2014complete\2014complete\geoutility.h(82): warning C4018: '<' : signed/unsigned mismatch
     1>d:\pittcoursesemester2\summerkarimi\sigspatial\2014complete\2014complete\geoutility.h(83): warning C4018: '<' : signed/unsigned mismatch
     1>d:\pittcoursesemester2\summerkarimi\sigspatial\2014complete\2014complete\vwsimlifier.cpp(11): warning C4018: '<' : signed/unsigned mismatch
     1>d:\pittcoursesemester2\summerkarimi\sigspatial\2014complete\2014complete\vwsimlifier.cpp(34): warning C4018: '<' : signed/unsigned mismatch
         Simplify.cpp
     1>d:\pittcoursesemester2\summerkarimi\sigspatial\2014complete\2014complete\geoutility.h(75): warning C4018: '<' : signed/unsigned mismatch
     1>d:\pittcoursesemester2\summerkarimi\sigspatial\2014complete\2014complete\geoutility.h(76): warning C4018: '<' : signed/unsigned mismatch
     1>d:\pittcoursesemester2\summerkarimi\sigspatial\2014complete\2014complete\geoutility.h(77): warning C4018: '<' : signed/unsigned mismatch
     1>d:\pittcoursesemester2\summerkarimi\sigspatial\2014complete\2014complete\geoutility.h(82): warning C4018: '<' : signed/unsigned mismatch
     1>d:\pittcoursesemester2\summerkarimi\sigspatial\2014complete\2014complete\geoutility.h(83): warning C4018: '<' : signed/unsigned mismatch
         QuadTree.cpp
     1>d:\pittcoursesemester2\summerkarimi\sigspatial\2014complete\2014complete\geoutility.h(75): warning C4018: '<' : signed/unsigned mismatch
     1>d:\pittcoursesemester2\summerkarimi\sigspatial\2014complete\2014complete\geoutility.h(76): warning C4018: '<' : signed/unsigned mismatch
     1>d:\pittcoursesemester2\summerkarimi\sigspatial\2014complete\2014complete\geoutility.h(77): warning C4018: '<' : signed/unsigned mismatch
     1>d:\pittcoursesemester2\summerkarimi\sigspatial\2014complete\2014complete\geoutility.h(82): warning C4018: '<' : signed/unsigned mismatch
     1>d:\pittcoursesemester2\summerkarimi\sigspatial\2014complete\2014complete\geoutility.h(83): warning C4018: '<' : signed/unsigned mismatch
     1>d:\pittcoursesemester2\summerkarimi\sigspatial\2014complete\2014complete\quadtree.cpp(29): warning C4018: '<' : signed/unsigned mismatch
     1>d:\pittcoursesemester2\summerkarimi\sigspatial\2014complete\2014complete\quadtree.cpp(30): warning C4018: '<' : signed/unsigned mismatch
     1>d:\pittcoursesemester2\summerkarimi\sigspatial\2014complete\2014complete\quadtree.cpp(79): warning C4018: '<' : signed/unsigned mismatch
     1>d:\pittcoursesemester2\summerkarimi\sigspatial\2014complete\2014complete\quadtree.cpp(96): warning C4018: '<' : signed/unsigned mismatch
     1>d:\pittcoursesemester2\summerkarimi\sigspatial\2014complete\2014complete\quadtree.cpp(100): warning C4018: '<' : signed/unsigned mismatch
     1>d:\pittcoursesemester2\summerkarimi\sigspatial\2014complete\2014complete\quadtree.cpp(106): warning C4018: '<' : signed/unsigned mismatch
     1>d:\pittcoursesemester2\summerkarimi\sigspatial\2014complete\2014complete\quadtree.cpp(110): warning C4018: '<' : signed/unsigned mismatch
     1>d:\pittcoursesemester2\summerkarimi\sigspatial\2014complete\2014complete\quadtree.cpp(120): warning C4018: '<' : signed/unsigned mismatch
     1>d:\pittcoursesemester2\summerkarimi\sigspatial\2014complete\2014complete\quadtree.cpp(124): warning C4018: '<' : signed/unsigned mismatch
     1>d:\pittcoursesemester2\summerkarimi\sigspatial\2014complete\2014complete\quadtree.cpp(137): warning C4018: '<' : signed/unsigned mismatch
     1>d:\pittcoursesemester2\summerkarimi\sigspatial\2014complete\2014complete\quadtree.cpp(141): warning C4018: '<' : signed/unsigned mismatch
     1>d:\pittcoursesemester2\summerkarimi\sigspatial\2014complete\2014complete\quadtree.cpp(151): warning C4018: '<' : signed/unsigned mismatch
     1>d:\pittcoursesemester2\summerkarimi\sigspatial\2014complete\2014complete\quadtree.cpp(155): warning C4018: '<' : signed/unsigned mismatch
     1>d:\pittcoursesemester2\summerkarimi\sigspatial\2014complete\2014complete\quadtree.cpp(178): warning C4018: '<' : signed/unsigned mismatch
     1>d:\pittcoursesemester2\summerkarimi\sigspatial\2014complete\2014complete\quadtree.cpp(223): warning C4018: '<' : signed/unsigned mismatch
         NaiveSimplifier.cpp
     1>d:\pittcoursesemester2\summerkarimi\sigspatial\2014complete\2014complete\geoutility.h(75): warning C4018: '<' : signed/unsigned mismatch
     1>d:\pittcoursesemester2\summerkarimi\sigspatial\2014complete\2014complete\geoutility.h(76): warning C4018: '<' : signed/unsigned mismatch
     1>d:\pittcoursesemester2\summerkarimi\sigspatial\2014complete\2014complete\geoutility.h(77): warning C4018: '<' : signed/unsigned mismatch
     1>d:\pittcoursesemester2\summerkarimi\sigspatial\2014complete\2014complete\geoutility.h(82): warning C4018: '<' : signed/unsigned mismatch
     1>d:\pittcoursesemester2\summerkarimi\sigspatial\2014complete\2014complete\geoutility.h(83): warning C4018: '<' : signed/unsigned mismatch
     1>d:\pittcoursesemester2\summerkarimi\sigspatial\2014complete\2014complete\naivesimplifier.cpp(25): warning C4018: '<' : signed/unsigned mismatch
     1>d:\pittcoursesemester2\summerkarimi\sigspatial\2014complete\2014complete\naivesimplifier.cpp(43): warning C4018: '<' : signed/unsigned mismatch
     1>d:\pittcoursesemester2\summerkarimi\sigspatial\2014complete\2014complete\naivesimplifier.cpp(57): warning C4018: '<' : signed/unsigned mismatch
     1>d:\pittcoursesemester2\summerkarimi\sigspatial\2014complete\2014complete\naivesimplifier.cpp(78): warning C4018: '<' : signed/unsigned mismatch
     1>d:\pittcoursesemester2\summerkarimi\sigspatial\2014complete\2014complete\naivesimplifier.cpp(101): warning C4018: '<' : signed/unsigned mismatch
         GridTree.cpp
     1>d:\pittcoursesemester2\summerkarimi\sigspatial\2014complete\2014complete\geoutility.h(75): warning C4018: '<' : signed/unsigned mismatch
     1>d:\pittcoursesemester2\summerkarimi\sigspatial\2014complete\2014complete\geoutility.h(76): warning C4018: '<' : signed/unsigned mismatch
     1>d:\pittcoursesemester2\summerkarimi\sigspatial\2014complete\2014complete\geoutility.h(77): warning C4018: '<' : signed/unsigned mismatch
     1>d:\pittcoursesemester2\summerkarimi\sigspatial\2014complete\2014complete\geoutility.h(82): warning C4018: '<' : signed/unsigned mismatch
     1>d:\pittcoursesemester2\summerkarimi\sigspatial\2014complete\2014complete\geoutility.h(83): warning C4018: '<' : signed/unsigned mismatch
     1>d:\pittcoursesemester2\summerkarimi\sigspatial\2014complete\2014complete\gridtree.cpp(16): warning C4018: '<' : signed/unsigned mismatch
     1>d:\pittcoursesemester2\summerkarimi\sigspatial\2014complete\2014complete\gridtree.cpp(21): warning C4018: '<' : signed/unsigned mismatch
     1>d:\pittcoursesemester2\summerkarimi\sigspatial\2014complete\2014complete\gridtree.cpp(22): warning C4018: '<' : signed/unsigned mismatch
     1>d:\pittcoursesemester2\summerkarimi\sigspatial\2014complete\2014complete\gridtree.cpp(29): warning C4244: 'initializing' : conversion from 'double' to 'int', possible loss of data
     1>d:\pittcoursesemester2\summerkarimi\sigspatial\2014complete\2014complete\gridtree.cpp(30): warning C4244: 'initializing' : conversion from 'double' to 'int', possible loss of data
     1>d:\pittcoursesemester2\summerkarimi\sigspatial\2014complete\2014complete\gridtree.cpp(37): warning C4244: 'initializing' : conversion from 'const double' to 'int', possible loss of data
     1>d:\pittcoursesemester2\summerkarimi\sigspatial\2014complete\2014complete\gridtree.cpp(38): warning C4244: 'initializing' : conversion from 'const double' to 'int', possible loss of data
     1>d:\pittcoursesemester2\summerkarimi\sigspatial\2014complete\2014complete\gridtree.cpp(39): warning C4244: 'initializing' : conversion from 'const double' to 'int', possible loss of data
     1>d:\pittcoursesemester2\summerkarimi\sigspatial\2014complete\2014complete\gridtree.cpp(40): warning C4244: 'initializing' : conversion from 'const double' to 'int', possible loss of data
     1>d:\pittcoursesemester2\summerkarimi\sigspatial\2014complete\2014complete\gridtree.cpp(43): warning C4018: '<' : signed/unsigned mismatch
         GridSimplifier.cpp
     1>d:\pittcoursesemester2\summerkarimi\sigspatial\2014complete\2014complete\geoutility.h(75): warning C4018: '<' : signed/unsigned mismatch
     1>d:\pittcoursesemester2\summerkarimi\sigspatial\2014complete\2014complete\geoutility.h(76): warning C4018: '<' : signed/unsigned mismatch
     1>d:\pittcoursesemester2\summerkarimi\sigspatial\2014complete\2014complete\geoutility.h(77): warning C4018: '<' : signed/unsigned mismatch
     1>d:\pittcoursesemester2\summerkarimi\sigspatial\2014complete\2014complete\geoutility.h(82): warning C4018: '<' : signed/unsigned mismatch
     1>d:\pittcoursesemester2\summerkarimi\sigspatial\2014complete\2014complete\geoutility.h(83): warning C4018: '<' : signed/unsigned mismatch
     1>d:\pittcoursesemester2\summerkarimi\sigspatial\2014complete\2014complete\gridsimplifier.cpp(35): warning C4018: '<' : signed/unsigned mismatch
     1>d:\pittcoursesemester2\summerkarimi\sigspatial\2014complete\2014complete\gridsimplifier.cpp(71): warning C4018: '<' : signed/unsigned mismatch
     1>d:\pittcoursesemester2\summerkarimi\sigspatial\2014complete\2014complete\gridsimplifier.cpp(88): warning C4018: '<' : signed/unsigned mismatch
     1>d:\pittcoursesemester2\summerkarimi\sigspatial\2014complete\2014complete\gridsimplifier.cpp(89): warning C4018: '<' : signed/unsigned mismatch
         FileIO.cpp
     1>d:\pittcoursesemester2\summerkarimi\sigspatial\2014complete\2014complete\geoutility.h(75): warning C4018: '<' : signed/unsigned mismatch
     1>d:\pittcoursesemester2\summerkarimi\sigspatial\2014complete\2014complete\geoutility.h(76): warning C4018: '<' : signed/unsigned mismatch
     1>d:\pittcoursesemester2\summerkarimi\sigspatial\2014complete\2014complete\geoutility.h(77): warning C4018: '<' : signed/unsigned mismatch
     1>d:\pittcoursesemester2\summerkarimi\sigspatial\2014complete\2014complete\geoutility.h(82): warning C4018: '<' : signed/unsigned mismatch
     1>d:\pittcoursesemester2\summerkarimi\sigspatial\2014complete\2014complete\geoutility.h(83): warning C4018: '<' : signed/unsigned mismatch
     1>d:\pittcoursesemester2\summerkarimi\sigspatial\2014complete\2014complete\fileio.cpp(45): warning C4244: 'argument' : conversion from 'std::streamoff' to 'unsigned int', possible loss of data
     1>d:\pittcoursesemester2\summerkarimi\sigspatial\2014complete\2014complete\fileio.cpp(101): warning C4244: 'argument' : conversion from 'std::streamoff' to 'unsigned int', possible loss of data
     1>d:\pittcoursesemester2\summerkarimi\sigspatial\2014complete\2014complete\fileio.cpp(196): warning C4018: '<' : signed/unsigned mismatch
     1>d:\pittcoursesemester2\summerkarimi\sigspatial\2014complete\2014complete\fileio.cpp(201): warning C4018: '<' : signed/unsigned mismatch
         Generating Code...
       Link:
         C:\Program Files (x86)\Microsoft Visual Studio 12.0\VC\bin\link.exe /ERRORREPORT:PROMPT /OUT:"D:\PittCourseSemester2\SummerKarimi\sigspatial\2014Complete\Debug\Simplify.exe" /INCREMENTAL /NOLOGO kernel32.lib user32.lib gdi32.lib winspool.lib comdlg32.lib advapi32.lib shell32.lib ole32.lib oleaut32.lib uuid.lib odbc32.lib odbccp32.lib /MANIFEST /MANIFESTUAC:"level='asInvoker' uiAccess='false'" /manifest:embed /DEBUG /PDB:"D:\PittCourseSemester2\SummerKarimi\sigspatial\2014Complete\Debug\Simplify.pdb" /SUBSYSTEM:CONSOLE /TLBID:1 /DYNAMICBASE /NXCOMPAT /IMPLIB:"D:\PittCourseSemester2\SummerKarimi\sigspatial\2014Complete\Debug\Simplify.lib" /MACHINE:X86 Debug\FileIO.obj
         Debug\GridSimplifier.obj
         Debug\GridTree.obj
         Debug\NaiveSimplifier.obj
         Debug\QuadTree.obj
         Debug\Simplify.obj
         Debug\stdafx.obj
         Debug\VWSimlifier.obj
         2014Complete.vcxproj -> D:\PittCourseSemester2\SummerKarimi\sigspatial\2014Complete\Debug\Simplify.exe
     1>Done Building Project "D:\PittCourseSemester2\SummerKarimi\sigspatial\2014Complete\2014Complete\2014Complete.vcxproj" (Build target(s)).

Build succeeded.

Time Elapsed 00:00:04.27
