d:\pittcoursesemester2\summerkarimi\sigspatial\2014complete\2014complete\debug\simplify.pch
d:\pittcoursesemester2\summerkarimi\sigspatial\2014complete\2014complete\debug\vc120.pdb
d:\pittcoursesemester2\summerkarimi\sigspatial\2014complete\2014complete\debug\vc120.idb
d:\pittcoursesemester2\summerkarimi\sigspatial\2014complete\2014complete\debug\stdafx.obj
d:\pittcoursesemester2\summerkarimi\sigspatial\2014complete\2014complete\debug\fileio.obj
d:\pittcoursesemester2\summerkarimi\sigspatial\2014complete\2014complete\debug\gridsimplifier.obj
d:\pittcoursesemester2\summerkarimi\sigspatial\2014complete\2014complete\debug\gridtree.obj
d:\pittcoursesemester2\summerkarimi\sigspatial\2014complete\2014complete\debug\naivesimplifier.obj
d:\pittcoursesemester2\summerkarimi\sigspatial\2014complete\2014complete\debug\quadtree.obj
d:\pittcoursesemester2\summerkarimi\sigspatial\2014complete\2014complete\debug\simplify.obj
d:\pittcoursesemester2\summerkarimi\sigspatial\2014complete\2014complete\debug\vwsimlifier.obj
d:\pittcoursesemester2\summerkarimi\sigspatial\2014complete\2014complete\debug\gridsimplifierm.obj
d:\pittcoursesemester2\summerkarimi\sigspatial\2014complete\2014complete\debug\gridtreem.obj
d:\pittcoursesemester2\summerkarimi\sigspatial\2014complete\debug\simplify.ilk
d:\pittcoursesemester2\summerkarimi\sigspatial\2014complete\debug\simplify.exe
d:\pittcoursesemester2\summerkarimi\sigspatial\2014complete\debug\simplify.pdb
d:\pittcoursesemester2\summerkarimi\sigspatial\2014complete\2014complete\debug\2014complete.pch
d:\pittcoursesemester2\summerkarimi\sigspatial\2014complete\2014complete\debug\simplify.tlog\cl.command.1.tlog
d:\pittcoursesemester2\summerkarimi\sigspatial\2014complete\2014complete\debug\simplify.tlog\cl.read.1.tlog
d:\pittcoursesemester2\summerkarimi\sigspatial\2014complete\2014complete\debug\simplify.tlog\cl.write.1.tlog
d:\pittcoursesemester2\summerkarimi\sigspatial\2014complete\2014complete\debug\simplify.tlog\link.command.1.tlog
d:\pittcoursesemester2\summerkarimi\sigspatial\2014complete\2014complete\debug\simplify.tlog\link.read.1.tlog
d:\pittcoursesemester2\summerkarimi\sigspatial\2014complete\2014complete\debug\simplify.tlog\link.write.1.tlog
